<?xml version="1.0" encoding="UTF-8"?>
<testng-results ignored="0" total="1" passed="1" failed="0" skipped="0">
  <reporter-output>
  </reporter-output>
  <suite started-at="2023-10-28T14:44:09 IST" name="Default suite" finished-at="2023-10-28T14:44:53 IST" duration-ms="43658">
    <groups>
    </groups>
    <test started-at="2023-10-28T14:44:09 IST" name="Default test" finished-at="2023-10-28T14:44:53 IST" duration-ms="43658">
      <class name="test_maven.Internshala_test">
        <test-method is-config="true" signature="Setup()[pri:0, instance:test_maven.Internshala_test@6440112d]" started-at="2023-10-28T14:44:09 IST" name="Setup" finished-at="2023-10-28T14:44:19 IST" duration-ms="9656" status="PASS">
          <reporter-output>
          </reporter-output>
        </test-method> <!-- Setup -->
        <test-method is-config="true" signature="Url()[pri:0, instance:test_maven.Internshala_test@6440112d]" started-at="2023-10-28T14:44:19 IST" name="Url" finished-at="2023-10-28T14:44:23 IST" duration-ms="3743" status="PASS">
          <reporter-output>
          </reporter-output>
        </test-method> <!-- Url -->
        <test-method signature="test()[pri:0, instance:test_maven.Internshala_test@6440112d]" started-at="2023-10-28T14:44:23 IST" name="test" finished-at="2023-10-28T14:44:53 IST" duration-ms="30141" status="PASS">
          <reporter-output>
          </reporter-output>
        </test-method> <!-- test -->
      </class> <!-- test_maven.Internshala_test -->
    </test> <!-- Default test -->
  </suite> <!-- Default suite -->
</testng-results>
